\BOOKMARK [0][-]{section*.2}{R\351sum\351}{}% 1
\BOOKMARK [0][-]{section*.4}{Abstract}{}% 2
\BOOKMARK [0][-]{section*.5}{Table des mati\350res}{}% 3
\BOOKMARK [0][-]{section*.6}{Liste des tableaux}{}% 4
\BOOKMARK [0][-]{section*.7}{Liste des figures}{}% 5
\BOOKMARK [0][-]{section*.9}{Remerciements}{}% 6
\BOOKMARK [0][-]{section*.11}{Avant-propos}{}% 7
\BOOKMARK [0][-]{section*.13}{Introduction}{}% 8
\BOOKMARK [0][-]{chapter.1}{Description du robot 3 degr\350s de libert\351}{}% 9
\BOOKMARK [1][-]{section.1.1}{Description des charact\351ristiques physiques du robot}{chapter.1}% 10
\BOOKMARK [1][-]{section.1.2}{Cin\351matique directe}{chapter.1}% 11
\BOOKMARK [1][-]{section.1.3}{Cin\351matique inverse}{chapter.1}% 12
\BOOKMARK [1][-]{section.1.4}{Matrice Jacobienne}{chapter.1}% 13
\BOOKMARK [0][-]{chapter.2}{Environnement de d\351veloppement, robot 3DDL}{}% 14
\BOOKMARK [1][-]{section.2.1}{Descriptioon de l'infrastructure d\351j\340 pr\351sente}{chapter.2}% 15
\BOOKMARK [1][-]{section.2.2}{D\351finition des objectifs}{chapter.2}% 16
\BOOKMARK [1][-]{section.2.3}{Description de l'infrastructure}{chapter.2}% 17
\BOOKMARK [0][-]{chapter.3}{Architecture du robot 6DDL}{}% 18
\BOOKMARK [1][-]{section.3.1}{Description des charact\351ristiques physiques}{chapter.3}% 19
\BOOKMARK [1][-]{section.3.2}{Cin\351matique directe}{chapter.3}% 20
\BOOKMARK [1][-]{section.3.3}{Cin\351matique inverse}{chapter.3}% 21
\BOOKMARK [1][-]{section.3.4}{Matrice Jacobienne}{chapter.3}% 22
\BOOKMARK [0][-]{chapter.4}{Environnement de d\351veloppement, robot 6DDL}{}% 23
\BOOKMARK [1][-]{section.4.1}{Descriptioon de l'infrastructure d\351j\340 pr\351sente}{chapter.4}% 24
\BOOKMARK [1][-]{section.4.2}{D\351finition des objectifs}{chapter.4}% 25
\BOOKMARK [1][-]{section.4.3}{Description de l'infrastructure}{chapter.4}% 26
\BOOKMARK [0][-]{chapter.5}{Algorithme d'\351vitement de collisions}{}% 27
\BOOKMARK [1][-]{section.5.1}{D\351finition du probl\351me}{chapter.5}% 28
\BOOKMARK [1][-]{section.5.2}{Objectifs}{chapter.5}% 29
\BOOKMARK [1][-]{section.5.3}{Description de l'architecture de l'alogrithme}{chapter.5}% 30
\BOOKMARK [1][-]{section.5.4}{Gestion des limitations}{chapter.5}% 31
\BOOKMARK [1][-]{section.5.5}{Repr\351sentation g\351om\351trique des limitations}{chapter.5}% 32
\BOOKMARK [0][-]{section*.15}{Conclusion}{}% 33
\BOOKMARK [0][-]{appendix.A}{Titre de l'annexe}{}% 34
